Change Component Designator: OldDesignator=C? NewDesignator=C1
Change Component Designator: OldDesignator=C? NewDesignator=C2
Change Component Designator: OldDesignator=C? NewDesignator=C3
Change Component Designator: OldDesignator=C? NewDesignator=C4
Change Component Designator: OldDesignator=C? NewDesignator=C5
Change Component Designator: OldDesignator=C? NewDesignator=C6
Change Component Designator: OldDesignator=C? NewDesignator=C7
Change Component Designator: OldDesignator=C? NewDesignator=C8
Change Component Designator: OldDesignator=C? NewDesignator=C9
Change Component Designator: OldDesignator=C? NewDesignator=C10
Change Component Designator: OldDesignator=IC? NewDesignator=IC1
Change Component Designator: OldDesignator=J2 NewDesignator=J3
Change Component Designator: OldDesignator=J5 NewDesignator=J6
Change Component Designator: OldDesignator=J5 NewDesignator=J8
Change Component Designator: OldDesignator=J5 NewDesignator=J10
Change Component Designator: OldDesignator=J? NewDesignator=J4
Change Component Designator: OldDesignator=J? NewDesignator=J7
Change Component Designator: OldDesignator=J? NewDesignator=J9
Change Component Designator: OldDesignator=R? NewDesignator=R1
Change Component Designator: OldDesignator=R? NewDesignator=R2
Change Component Designator: OldDesignator=Y? NewDesignator=Y1
Change Net Name : Old Net Name=NetC?_1 New Net Name=NetC7_1
Change Net Name : Old Net Name=NetC?_2 New Net Name=NetC9_2
Added Pin To Net: NetName=NetC10_2 Pin=C10-2
Added Pin To Net: NetName=NetC10_2 Pin=U1-9
Added Pin To Net: NetName=NetC10_2 Pin=Y1-2
Added Net: Name=NetC10_2
Added Member To Class: ClassName=MCU Circuit Member=Component C1 100nF/25V
Added Member To Class: ClassName=MCU Circuit Member=Component C2 100nF/25V
Added Member To Class: ClassName=MCU Circuit Member=Component C3 100nF/25V
Added Member To Class: ClassName=MCU Circuit Member=Component C4 100nF/25V
Added Member To Class: ClassName=MCU Circuit Member=Component C5 10uF/16V
Added Member To Class: ClassName=MCU Circuit Member=Component C6 10uF/16V
Added Member To Class: ClassName=MCU Circuit Member=Component C7 100nF/25V
Added Member To Class: ClassName=MCU Circuit Member=Component C8 100nF/25V
Added Member To Class: ClassName=MCU Circuit Member=Component C10 22pF/10V
Added Member To Class: ClassName=MCU Circuit Member=Component J3 B3B-XH-A_(LF)(SN)
Added Member To Class: ClassName=MCU Circuit Member=Component J6 B2B-XH-A_(LF)(SN)
Added Member To Class: ClassName=MCU Circuit Member=Component J7 B4B-XH-A(LF)(SN)
Added Member To Class: ClassName=MCU Circuit Member=Component J8 B2B-XH-A_(LF)(SN)
Added Member To Class: ClassName=MCU Circuit Member=Component J9 B4B-XH-A(LF)(SN)
Added Member To Class: ClassName=MCU Circuit Member=Component J10 B2B-XH-A_(LF)(SN)
Added Member To Class: ClassName=MCU Circuit Member=Component R1 10k
